c:\users\nickf\git\team-project_computer-vision-system\team-project_computer-vision-system\computer vision\computer vision\computer vision\x64\debug\computer vision.pch
c:\users\nickf\git\team-project_computer-vision-system\team-project_computer-vision-system\computer vision\computer vision\computer vision\x64\debug\vc141.pdb
c:\users\nickf\git\team-project_computer-vision-system\team-project_computer-vision-system\computer vision\computer vision\computer vision\x64\debug\vc141.idb
c:\users\nickf\git\team-project_computer-vision-system\team-project_computer-vision-system\computer vision\computer vision\computer vision\x64\debug\stdafx.obj
c:\users\nickf\git\team-project_computer-vision-system\team-project_computer-vision-system\computer vision\computer vision\computer vision\x64\debug\computer vision.obj
c:\git\team-project_computer-vision-system\team-project_computer-vision-system\computer vision\computer vision\computer vision\x64\debug\computer vision.pch
c:\git\team-project_computer-vision-system\team-project_computer-vision-system\computer vision\computer vision\computer vision\x64\debug\vc141.pdb
c:\git\team-project_computer-vision-system\team-project_computer-vision-system\computer vision\computer vision\computer vision\x64\debug\vc141.idb
c:\git\team-project_computer-vision-system\team-project_computer-vision-system\computer vision\computer vision\computer vision\x64\debug\stdafx.obj
c:\git\team-project_computer-vision-system\team-project_computer-vision-system\computer vision\computer vision\computer vision\x64\debug\computer vision.obj
c:\users\nickf\git\team-project_computer-vision-system\team-project_computer-vision-system\computer vision\computer vision\x64\debug\computer vision.ilk
c:\users\nickf\git\team-project_computer-vision-system\team-project_computer-vision-system\computer vision\computer vision\x64\debug\computer vision.exe
c:\users\nickf\git\team-project_computer-vision-system\team-project_computer-vision-system\computer vision\computer vision\x64\debug\computer vision.pdb
c:\git\team-project_computer-vision-system\team-project_computer-vision-system\computer vision\computer vision\x64\debug\computer vision.ilk
c:\git\team-project_computer-vision-system\team-project_computer-vision-system\computer vision\computer vision\x64\debug\computer vision.exe
c:\git\team-project_computer-vision-system\team-project_computer-vision-system\computer vision\computer vision\x64\debug\computer vision.pdb
c:\git\team-project_computer-vision-system\team-project_computer-vision-system\computer vision\computer vision\computer vision\x64\debug\computer vision.tlog\cl.command.1.tlog
c:\git\team-project_computer-vision-system\team-project_computer-vision-system\computer vision\computer vision\computer vision\x64\debug\computer vision.tlog\cl.read.1.tlog
c:\git\team-project_computer-vision-system\team-project_computer-vision-system\computer vision\computer vision\computer vision\x64\debug\computer vision.tlog\cl.write.1.tlog
c:\git\team-project_computer-vision-system\team-project_computer-vision-system\computer vision\computer vision\computer vision\x64\debug\computer vision.tlog\link.command.1.tlog
c:\git\team-project_computer-vision-system\team-project_computer-vision-system\computer vision\computer vision\computer vision\x64\debug\computer vision.tlog\link.read.1.tlog
c:\git\team-project_computer-vision-system\team-project_computer-vision-system\computer vision\computer vision\computer vision\x64\debug\computer vision.tlog\link.write.1.tlog
